2026-02-26 01:28:52.947 | ERROR    | __main__:<module>:83 - https://jp.trip.com/hotels/tokyo-hotel-detail-107369224/hanachiku-asakusa-wagokoro-hoteru/?curr=JPY&locale=ja_jp 页面失效
2026-02-26 01:28:54.310 | ERROR    | __main__:<module>:83 - https://jp.trip.com/hotels/furano-hotel-detail-72667666/furano-ueda-house/?curr=JPY&locale=ja_jp 页面失效
2026-02-26 01:28:59.651 | ERROR    | __main__:<module>:83 - https://jp.trip.com/hotels/mihama-hotel-detail-1676394/mikatagoko-mihama-onsen-umi-no-hotel-hirose/?curr=JPY&locale=ja_jp 页面失效
2026-02-26 01:29:19.766 | ERROR    | __main__:<module>:83 - https://jp.trip.com/hotels/osaka-hotel-detail-109384523/far-east-village-hotel-osaka-honmachi/?curr=JPY&locale=ja_jp 页面失效
2026-02-26 01:29:20.707 | ERROR    | __main__:<module>:83 - https://jp.trip.com/hotels/kumagaya-hotel-detail-25721165/hotel-glan-y%27s-kumagayaekimae-premier/?curr=JPY&locale=ja_jp 页面失效
2026-02-26 01:29:23.423 | ERROR    | __main__:<module>:83 - https://jp.trip.com/hotels/hakone-hotel-detail-80840594/3-minute-walk-from-hakone-yumoto-station-open/?curr=JPY&locale=ja_jp 页面失效
2026-02-26 01:29:41.521 | ERROR    | __main__:<module>:83 - https://jp.trip.com/hotels/naoshima-hotel-detail-15883587/minshuku-takenoya/?curr=JPY&locale=ja_jp 页面失效
2026-02-26 01:29:53.324 | ERROR    | __main__:<module>:83 - https://jp.trip.com/hotels/kobe-hotel-detail-13859202/guesthouse-kobe-nadeshikoya/?curr=JPY&locale=ja_jp 页面失效
2026-02-26 01:30:06.209 | ERROR    | __main__:<module>:83 - https://jp.trip.com/hotels/togitsu-hotel-detail-114659857/resort-hotel-lavieen/?curr=JPY&locale=ja_jp 页面失效
2026-02-26 01:30:12.011 | ERROR    | __main__:<module>:83 - https://jp.trip.com/hotels/naha-hotel-detail-70352668/hotel2020/?curr=JPY&locale=ja_jp 页面失效
2026-02-26 01:30:14.398 | ERROR    | __main__:<module>:83 - https://jp.trip.com/hotels/shirahama-hotel-detail-16027370/hotel-ginsui/?curr=JPY&locale=ja_jp 页面失效
2026-02-26 01:30:21.266 | ERROR    | __main__:<module>:83 - https://jp.trip.com/hotels/nikko-hotel-detail-705058/okunikko-konishi-hotel/?curr=JPY&locale=ja_jp 页面失效
2026-02-26 01:30:25.090 | ERROR    | __main__:<module>:83 - https://jp.trip.com/hotels/osaka-hotel-detail-31435524/bespoke-hotel-shinsaibashi/?curr=JPY&locale=ja_jp 页面失效
2026-02-26 01:30:27.371 | ERROR    | __main__:<module>:83 - https://jp.trip.com/hotels/osaka-hotel-detail-55231245/luxcare-hotel/?curr=JPY&locale=ja_jp 页面失效
2026-02-26 01:30:41.355 | ERROR    | __main__:<module>:83 - https://jp.trip.com/hotels/takayama-hotel-detail-126991270/wat-resort-private-villa-hidaichinomiya/?curr=JPY&locale=ja_jp 页面失效
2026-02-26 01:30:46.168 | ERROR    | __main__:<module>:83 - https://jp.trip.com/hotels/gose-hotel-detail-108644489/yado-charinko/?curr=JPY&locale=ja_jp 页面失效
2026-02-26 01:30:56.333 | ERROR    | __main__:<module>:83 - https://jp.trip.com/hotels/asakura-hotel-detail-71957798/hotel-grandspa-avenue/?curr=JPY&locale=ja_jp 页面失效
2026-02-26 01:31:00.853 | ERROR    | __main__:<module>:83 - https://jp.trip.com/hotels/tokyo-hotel-detail-125362977/ukiyo-blue/?curr=JPY&locale=ja_jp 页面失效
2026-02-26 01:31:10.229 | ERROR    | __main__:<module>:83 - https://jp.trip.com/hotels/yuzawa-hotel-detail-23192495/piccolo-hotel-la-pace/?curr=JPY&locale=ja_jp 页面失效
2026-02-26 01:31:16.189 | ERROR    | __main__:<module>:83 - https://jp.trip.com/hotels/hagi-hotel-detail-1655255/hokumon-yashiki/?curr=JPY&locale=ja_jp 页面失效
2026-02-26 01:31:19.672 | ERROR    | __main__:<module>:83 - https://jp.trip.com/hotels/yamanakako-hotel-detail-125273943/harelier%E3%80%80yamanakako/?curr=JPY&locale=ja_jp 页面失效
2026-02-26 01:31:20.520 | ERROR    | __main__:<module>:83 - https://jp.trip.com/hotels/tokyo-hotel-detail-31195249/sun-hotel/?curr=JPY&locale=ja_jp 页面失效
2026-02-26 01:31:34.948 | ERROR    | __main__:<module>:83 - https://jp.trip.com/hotels/fukuoka-hotel-detail-132983836/residence-hotel-hakataekiminami/?curr=JPY&locale=ja_jp 页面失效
2026-02-26 01:31:41.232 | ERROR    | __main__:<module>:83 - https://jp.trip.com/hotels/shibukawa-hotel-detail-28205735/ikaho-onsen-yofu-ryokan-binon/?curr=JPY&locale=ja_jp 页面失效
2026-02-26 01:31:49.011 | ERROR    | __main__:<module>:83 - https://jp.trip.com/hotels/hakodate-hotel-detail-131563781/uni-house/?curr=JPY&locale=ja_jp 页面失效
2026-02-26 01:31:52.259 | ERROR    | __main__:<module>:83 - https://jp.trip.com/hotels/kutchan-hotel-detail-5705202/yuzuki/?curr=JPY&locale=ja_jp 页面失效
2026-02-26 01:31:57.758 | ERROR    | __main__:<module>:83 - https://jp.trip.com/hotels/sapporo-hotel-detail-123470020/the-obsidian/?curr=JPY&locale=ja_jp 页面失效
2026-02-26 01:31:58.263 | ERROR    | __main__:<module>:83 - https://jp.trip.com/hotels/sapporo-hotel-detail-1646385/tenza-hotel-%26-skyspa-at-sapporo-central/?curr=JPY&locale=ja_jp 页面失效
2026-02-26 01:32:03.792 | ERROR    | __main__:<module>:83 - https://jp.trip.com/hotels/kobe-hotel-detail-127028809/hotel-benoa-resort/?curr=JPY&locale=ja_jp 页面失效
2026-02-26 01:32:04.735 | ERROR    | __main__:<module>:83 - https://jp.trip.com/hotels/kobe-hotel-detail-1314537/kobe-marriott-hotel/?curr=JPY&locale=ja_jp 页面失效
2026-02-26 01:32:06.374 | ERROR    | __main__:<module>:83 - https://jp.trip.com/hotels/tsukuba-hotel-detail-122899896/family-stay-tsukuba/?curr=JPY&locale=ja_jp 页面失效
2026-02-26 01:32:06.526 | ERROR    | __main__:<module>:83 - https://jp.trip.com/hotels/mito-hotel-detail-80916828/natural-onsen-kobainoyu-dormy-inn-mito/?curr=JPY&locale=ja_jp 页面失效
2026-02-26 01:32:09.162 | ERROR    | __main__:<module>:83 - https://jp.trip.com/hotels/miyako-hotel-detail-17452300/hotel-oomiya/?curr=JPY&locale=ja_jp 页面失效
2026-02-26 01:32:42.146 | ERROR    | __main__:<module>:83 - https://jp.trip.com/hotels/matsumoto-hotel-detail-23193040/aobaso/?curr=JPY&locale=ja_jp 页面失效
2026-02-26 01:32:58.818 | ERROR    | __main__:<module>:83 - https://jp.trip.com/hotels/miyakojima-hotel-detail-1483194/central-resort-miyakojima/?curr=JPY&locale=ja_jp 页面失效
2026-02-26 01:33:05.693 | ERROR    | __main__:<module>:83 - https://jp.trip.com/hotels/osaka-hotel-detail-129943114/kinkan-rakutei/?curr=JPY&locale=ja_jp 页面失效
2026-02-26 01:33:10.980 | ERROR    | __main__:<module>:83 - https://jp.trip.com/hotels/osaka-hotel-detail-686263/hotel-morning-box-osaka-shinsaibashi/?curr=JPY&locale=ja_jp 页面失效
2026-02-26 01:33:18.839 | ERROR    | __main__:<module>:83 - https://jp.trip.com/hotels/ito-hotel-detail-118510681/sunlit-villa-izu-starry-sunny-forest-inn-vacation-stay-68296v/?curr=JPY&locale=ja_jp 页面失效
2026-02-26 01:33:20.942 | ERROR    | __main__:<module>:83 - https://jp.trip.com/hotels/ito-hotel-detail-102981461/smart-stay-ito-301-vacation-stay-98452/?curr=JPY&locale=ja_jp 页面失效
2026-02-26 01:33:20.951 | ERROR    | __main__:<module>:83 - https://jp.trip.com/hotels/ito-hotel-detail-103393817/smart-stay-ito-302-vacation-stay-98471/?curr=JPY&locale=ja_jp 页面失效
2026-02-26 01:33:21.001 | ERROR    | __main__:<module>:83 - https://jp.trip.com/hotels/ito-hotel-detail-122360583/smart-stay-ito-room-201-vacation-stay-38637v/?curr=JPY&locale=ja_jp 页面失效
2026-02-26 01:33:26.640 | ERROR    | __main__:<module>:83 - https://jp.trip.com/hotels/otawara-hotel-detail-117869976/enjoy-the-onsen-in-theohtawara-onsen-hotel-ryujyoen/?curr=JPY&locale=ja_jp 页面失效
2026-02-26 01:33:31.896 | ERROR    | __main__:<module>:83 - https://jp.trip.com/hotels/tokyo-hotel-detail-124648952/kamitakada-2-chome/?curr=JPY&locale=ja_jp 页面失效
2026-02-26 01:33:32.773 | ERROR    | __main__:<module>:83 - https://jp.trip.com/hotels/tokyo-hotel-detail-131708568/2min-heiwajima%7C14min-haneda%7Cmax-7%7C70m2%7Ctoh/?curr=JPY&locale=ja_jp 页面失效
2026-02-26 01:33:33.788 | ERROR    | __main__:<module>:83 - https://jp.trip.com/hotels/tokyo-hotel-detail-129050408/terrace-tokyo-otsuka-north-%23802/?curr=JPY&locale=ja_jp 页面失效
2026-02-26 01:33:42.413 | ERROR    | __main__:<module>:83 - https://jp.trip.com/hotels/himi-hotel-detail-80506464/minshuku-ao/?curr=JPY&locale=ja_jp 页面失效
2026-02-26 01:33:46.397 | ERROR    | __main__:<module>:83 - https://jp.trip.com/hotels/nirasaki-hotel-detail-108234994/chateraise-hotel-nirasaki-no-mori/?curr=JPY&locale=ja_jp 页面失效
2026-02-26 01:33:47.906 | ERROR    | __main__:<module>:83 - https://jp.trip.com/hotels/ito-hotel-detail-92052319/smart-stay-omuroyama-3rd-station/?curr=JPY&locale=ja_jp 页面失效
2026-02-26 01:33:56.344 | ERROR    | __main__:<module>:83 - https://jp.trip.com/hotels/tokyo-hotel-detail-10535717/m-craft-akado/?curr=JPY&locale=ja_jp 页面失效
2026-02-26 01:33:56.378 | ERROR    | __main__:<module>:83 - https://jp.trip.com/hotels/tokyo-hotel-detail-69443706/minamisenju-machiya-aya/?curr=JPY&locale=ja_jp 页面失效
2026-02-26 01:34:00.453 | ERROR    | __main__:<module>:83 - https://th.trip.com/hotels/pattaya-hotel-detail-124254400/unixx-sea-view-hotel/?curr=THB&locale=th_th 页面失效
2026-02-26 01:34:13.376 | ERROR    | __main__:<module>:83 - https://th.trip.com/hotels/pattaya-hotel-detail-123591394/muxa%26copacabana/?curr=THB&locale=th_th 页面失效
2026-02-26 01:34:16.209 | ERROR    | __main__:<module>:83 - https://th.trip.com/hotels/klaeng-hotel-detail-70474804/longlay-resort-rayong/?curr=THB&locale=th_th 页面失效
2026-02-26 01:34:16.541 | ERROR    | __main__:<module>:83 - https://th.trip.com/hotels/phetchabun-hotel-detail-81263871/patchara-place/?curr=THB&locale=th_th 页面失效
2026-02-26 01:34:17.738 | ERROR    | __main__:<module>:83 - https://th.trip.com/hotels/rayong-hotel-detail-107212211/thai-smile-resort/?curr=THB&locale=th_th 页面失效
2026-02-26 01:34:20.254 | ERROR    | __main__:<module>:83 - https://th.trip.com/hotels/prasat-hotel-detail-116561205/oresort-resort/?curr=THB&locale=th_th 页面失效
2026-02-26 01:34:25.201 | ERROR    | __main__:<module>:83 - https://th.trip.com/hotels/pattaya-hotel-detail-129766007/elong-wg-international-hotel%EF%BC%88pattaya-jomtien-beach-branch%EF%BC%89/?curr=THB&locale=th_th 页面失效
2026-02-26 01:34:29.547 | ERROR    | __main__:<module>:83 - https://th.trip.com/hotels/mae-rim-hotel-detail-129512248/flora-prairie-at-mae-rim-chiang-mai/?curr=THB&locale=th_th 页面失效
2026-02-26 01:34:35.608 | ERROR    | __main__:<module>:83 - https://th.trip.com/hotels/hua-hin-hotel-detail-56990892/orchid-paradise-homes-opv325/?curr=THB&locale=th_th 页面失效
2026-02-26 01:34:42.289 | ERROR    | __main__:<module>:83 - https://th.trip.com/hotels/bangkok-hotel-detail-114585309/peony%27s-home/?curr=THB&locale=th_th 页面失效
2026-02-26 01:34:42.494 | ERROR    | __main__:<module>:83 - https://th.trip.com/hotels/bangkok-hotel-detail-24101829/the-kong/?curr=THB&locale=th_th 页面失效
2026-02-26 01:34:43.340 | ERROR    | __main__:<module>:83 - https://th.trip.com/hotels/kaeng-krachan-hotel-detail-114080439/relax-camp-resort-kaeng-krachan/?curr=THB&locale=th_th 页面失效
2026-02-26 01:34:43.715 | ERROR    | __main__:<module>:83 - https://th.trip.com/hotels/krathum-baen-hotel-detail-9715396/jolly-suites%26spa-petkasem/?curr=THB&locale=th_th 页面失效
2026-02-26 01:34:43.872 | ERROR    | __main__:<module>:83 - https://th.trip.com/hotels/koh-kood-hotel-detail-110573711/suanyakohkood-resort-%26-spa/?curr=THB&locale=th_th 页面失效
2026-02-26 01:34:44.711 | ERROR    | __main__:<module>:83 - https://th.trip.com/hotels/koh-kood-hotel-detail-132619487/koh-kood-good-time/?curr=THB&locale=th_th 页面失效
2026-02-26 01:34:46.053 | ERROR    | __main__:<module>:83 - https://th.trip.com/hotels/phuket-hotel-detail-132912394/kia-ora-3br-private-pool-villa-bang-tao-phuket/?curr=THB&locale=th_th 页面失效
2026-02-26 01:34:47.387 | ERROR    | __main__:<module>:83 - https://th.trip.com/hotels/koh-chang-hotel-detail-132086193/3-bedroom-beachfront-villa-in-charming-koh.-californian-owned-and-managed/?curr=THB&locale=th_th 页面失效
2026-02-26 01:34:58.449 | ERROR    | __main__:<module>:83 - https://th.trip.com/hotels/hua-hin-hotel-detail-130927140/le-leaf-valley-hua-hin-16/?curr=THB&locale=th_th 页面失效
2026-02-26 01:34:59.392 | ERROR    | __main__:<module>:83 - https://th.trip.com/hotels/phuket-hotel-detail-100367644/new-forest-patong/?curr=THB&locale=th_th 页面失效
2026-02-26 01:35:03.653 | ERROR    | __main__:<module>:83 - https://th.trip.com/hotels/bangkok-hotel-detail-113050898/the-trust-ville/?curr=THB&locale=th_th 页面失效
2026-02-26 01:35:05.397 | ERROR    | __main__:<module>:83 - https://th.trip.com/hotels/ban-bueng-hotel-detail-15311530/jerjarat-resort-24-hrs.-hotel/?curr=THB&locale=th_th 页面失效
2026-02-26 01:35:08.627 | ERROR    | __main__:<module>:83 - https://th.trip.com/hotels/ban-chang-hotel-detail-63984459/serene-phla-resort/?curr=THB&locale=th_th 页面失效
2026-02-26 01:35:14.401 | ERROR    | __main__:<module>:83 - https://th.trip.com/hotels/bang-phli-hotel-detail-133091619/hilton-bangkok-suvarnabhumi-golf-resort-%26-spa/?curr=THB&locale=th_th 页面失效
2026-02-26 01:35:14.904 | ERROR    | __main__:<module>:83 - https://th.trip.com/hotels/bang-phli-hotel-detail-133076184/comfy-hotels-suvarnabhumi-airport/?curr=THB&locale=th_th 页面失效
2026-02-26 01:35:15.204 | ERROR    | __main__:<module>:83 - https://th.trip.com/hotels/bangkok-hotel-detail-106700554/roomquest%E2%80%8B-suvarnabhumi%E2%80%8B-1-airport-hotel-%40-lat-krabang-42%2F6/?curr=THB&locale=th_th 页面失效
2026-02-26 01:35:16.494 | ERROR    | __main__:<module>:83 - https://th.trip.com/hotels/mueang-saraburi-hotel-detail-7608506/saraburi-inn/?curr=THB&locale=th_th 页面失效
2026-02-26 01:35:21.829 | ERROR    | __main__:<module>:83 - https://th.trip.com/hotels/tha-mai-hotel-detail-8497537/baantoom-village-and-resort/?curr=THB&locale=th_th 页面失效
2026-02-26 01:35:22.039 | ERROR    | __main__:<module>:83 - https://th.trip.com/hotels/tha-mai-hotel-detail-41590047/tonpor-resort/?curr=THB&locale=th_th 页面失效
2026-02-26 01:35:23.884 | ERROR    | __main__:<module>:83 - https://th.trip.com/hotels/uttaradit-hotel-detail-117900588/keerana-villa/?curr=THB&locale=th_th 页面失效
2026-02-26 01:35:26.346 | ERROR    | __main__:<module>:83 - https://th.trip.com/hotels/phra-nakhon-si-ayutthaya-hotel-detail-12085689/phuttal-residence/?curr=THB&locale=th_th 页面失效
2026-02-26 01:35:26.401 | ERROR    | __main__:<module>:83 - https://th.trip.com/hotels/bangkok-hotel-detail-58069095/hotel-metro-inn/?curr=THB&locale=th_th 页面失效
2026-02-26 01:35:27.462 | ERROR    | __main__:<module>:83 - https://th.trip.com/hotels/rayong-hotel-detail-68611552/capital-o-75378-thawapee-resort/?curr=THB&locale=th_th 页面失效
2026-02-26 01:35:27.898 | ERROR    | __main__:<module>:83 - https://th.trip.com/hotels/rayong-hotel-detail-113526771/bussaba-resort-home/?curr=THB&locale=th_th 页面失效
2026-02-26 01:35:27.958 | ERROR    | __main__:<module>:83 - https://th.trip.com/hotels/rayong-hotel-detail-9029617/nida-rooms-sodsai-turquoise-174/?curr=THB&locale=th_th 页面失效
2026-02-26 01:35:36.717 | ERROR    | __main__:<module>:83 - https://th.trip.com/hotels/pattaya-hotel-detail-107842308/veranda-residence%2F1br%2F25th-floor/?curr=THB&locale=th_th 页面失效
2026-02-26 01:35:36.723 | ERROR    | __main__:<module>:83 - https://th.trip.com/hotels/pattaya-hotel-detail-106188466/veranda-residence%2F2brfamilysuite/?curr=THB&locale=th_th 页面失效
2026-02-26 01:35:36.724 | ERROR    | __main__:<module>:83 - https://th.trip.com/hotels/pattaya-hotel-detail-47109618/luxury-3br-beachfront-%7C-veranda-residences-pattaya/?curr=THB&locale=th_th 页面失效
2026-02-26 01:35:37.631 | ERROR    | __main__:<module>:83 - https://th.trip.com/hotels/sattahip-hotel-detail-106628890/white-sands-beachfront-l-2br-condo-with-ocean-view/?curr=THB&locale=th_th 页面失效
2026-02-26 01:35:46.771 | ERROR    | __main__:<module>:83 - https://th.trip.com/hotels/pak-chong-hotel-detail-61940681/zen-next-khao-yai-by-zv/?curr=THB&locale=th_th 页面失效
2026-02-26 01:35:49.932 | ERROR    | __main__:<module>:83 - https://th.trip.com/hotels/rayong-hotel-detail-10929562/bayview-resort/?curr=THB&locale=th_th 页面失效
2026-02-26 01:35:52.451 | ERROR    | __main__:<module>:83 - https://th.trip.com/hotels/khao-kho-hotel-detail-132834864/stay-high-khao-kho/?curr=THB&locale=th_th 页面失效
2026-02-26 01:36:00.266 | ERROR    | __main__:<module>:83 - https://th.trip.com/hotels/koh-samui-hotel-detail-104674510/allure-resort/?curr=THB&locale=th_th 页面失效
2026-02-26 01:36:01.219 | ERROR    | __main__:<module>:83 - https://th.trip.com/hotels/koh-samui-hotel-detail-8545153/villa-m-koh-samui/?curr=THB&locale=th_th 页面失效
2026-02-26 01:36:02.787 | ERROR    | __main__:<module>:83 - https://th.trip.com/hotels/pattaya-hotel-detail-24312258/land34-pool-villa-pattaya-6-bedrooms/?curr=THB&locale=th_th 页面失效
2026-02-26 01:36:03.221 | ERROR    | __main__:<module>:83 - https://th.trip.com/hotels/pattaya-hotel-detail-60617762/land60-pool-villa-pattaya-6-bedrooms/?curr=THB&locale=th_th 页面失效
2026-02-26 01:36:03.737 | ERROR    | __main__:<module>:83 - https://th.trip.com/hotels/pattaya-hotel-detail-7581791/land59-pool-villa-pattaya-5-bedrooms/?curr=THB&locale=th_th 页面失效
2026-02-26 01:36:06.318 | ERROR    | __main__:<module>:83 - https://th.trip.com/hotels/sattahip-hotel-detail-124556802/xiyun-holiday-apartment-pattaya/?curr=THB&locale=th_th 页面失效
2026-02-26 01:36:07.193 | ERROR    | __main__:<module>:83 - https://th.trip.com/hotels/sattahip-hotel-detail-103173769/movenpick-4-bedroom-pool-villa-beach-access-na-jomtien-pattaya/?curr=THB&locale=th_th 页面失效
2026-02-26 01:36:07.470 | ERROR    | __main__:<module>:83 - https://th.trip.com/hotels/sattahip-hotel-detail-100621051/ban-nam-mao-resort/?curr=THB&locale=th_th 页面失效
2026-02-26 01:36:07.471 | ERROR    | __main__:<module>:83 - https://th.trip.com/hotels/sattahip-hotel-detail-125277460/vacation-poolvilla/?curr=THB&locale=th_th 页面失效
2026-02-26 01:36:07.594 | ERROR    | __main__:<module>:83 - https://th.trip.com/hotels/sattahip-hotel-detail-123222092/november-t-beach-house/?curr=THB&locale=th_th 页面失效
2026-02-26 01:36:07.859 | ERROR    | __main__:<module>:83 - https://th.trip.com/hotels/sattahip-hotel-detail-120443780/beachfront-just-renovated-5br-pool-villa-vvp34.2/?curr=THB&locale=th_th 页面失效
2026-02-26 01:36:08.261 | ERROR    | __main__:<module>:83 - https://th.trip.com/hotels/sattahip-hotel-detail-107860576/seven-seas-cote-azur/?curr=THB&locale=th_th 页面失效
2026-02-26 01:36:11.159 | ERROR    | __main__:<module>:83 - https://th.trip.com/hotels/kanchanaburi-hotel-detail-132792995/how-hide-homestay-in-town-2km-to-river-kwai-bridge/?curr=THB&locale=th_th 页面失效
2026-02-26 01:36:11.638 | ERROR    | __main__:<module>:83 - https://th.trip.com/hotels/chiang-mai-hotel-detail-23647144/pool-suite-chiang-mai/?curr=THB&locale=th_th 页面失效
2026-02-26 01:36:18.714 | ERROR    | __main__:<module>:83 - https://th.trip.com/hotels/cha-am-hotel-detail-47087537/baan-talay-samran-4-bedrooms-villa-with-beach-and-3-pools/?curr=THB&locale=th_th 页面失效
2026-02-26 01:36:19.101 | ERROR    | __main__:<module>:83 - https://th.trip.com/hotels/cha-am-hotel-detail-709634/lake-view-resort-%26-golf-club/?curr=THB&locale=th_th 页面失效
2026-02-26 01:36:20.886 | ERROR    | __main__:<module>:83 - https://th.trip.com/hotels/cha-am-hotel-detail-8414973/nawang-resort/?curr=THB&locale=th_th 页面失效
2026-02-26 01:36:21.787 | ERROR    | __main__:<module>:83 - https://th.trip.com/hotels/hat-yai-hotel-detail-122932657/hillview-terrace/?curr=THB&locale=th_th 页面失效
2026-02-26 01:36:25.134 | ERROR    | __main__:<module>:83 - https://th.trip.com/hotels/hua-hin-hotel-detail-114301550/secluded-oasis-for-family-and-friends-bm5/?curr=THB&locale=th_th 页面失效
2026-02-26 01:36:29.759 | ERROR    | __main__:<module>:83 - https://th.trip.com/hotels/mae-rim-hotel-detail-53090298/pak-ram/?curr=THB&locale=th_th 页面失效
2026-02-26 01:36:34.907 | ERROR    | __main__:<module>:83 - https://th.trip.com/hotels/bangkok-hotel-detail-68602145/wander-wonder-bangkok/?curr=THB&locale=th_th 页面失效
2026-02-26 01:36:37.202 | ERROR    | __main__:<module>:83 - https://th.trip.com/hotels/koh-kho-khao-hotel-detail-126893979/ataman-luxury-villas-28km-from-khao-lakhoneymoon-1-bedroom-villa-with-private-pool/?curr=THB&locale=th_th 页面失效
2026-02-26 01:36:41.115 | ERROR    | __main__:<module>:83 - https://th.trip.com/hotels/la-ngu-hotel-detail-10043012/panka-bay-resort/?curr=THB&locale=th_th 页面失效
2026-02-26 01:36:41.467 | ERROR    | __main__:<module>:83 - https://th.trip.com/hotels/mae-taeng-hotel-detail-128127697/phulayya-chiangmai-luxury-dome/?curr=THB&locale=th_th 页面失效
2026-02-26 01:36:44.415 | ERROR    | __main__:<module>:83 - https://th.trip.com/hotels/khon-kaen-hotel-detail-23163943/pratunam-hotel-khon-kaen/?curr=THB&locale=th_th 页面失效
2026-02-26 01:36:44.770 | ERROR    | __main__:<module>:83 - https://th.trip.com/hotels/khon-kaen-hotel-detail-103540118/leelawadee-apartment/?curr=THB&locale=th_th 页面失效
2026-02-26 01:36:49.105 | ERROR    | __main__:<module>:83 - https://th.trip.com/hotels/bo-kluea-hotel-detail-105410094/yellowstone-camps-resort-sapan/?curr=THB&locale=th_th 页面失效
2026-02-26 01:36:53.735 | ERROR    | __main__:<module>:83 - https://th.trip.com/hotels/chiang-mai-hotel-detail-125359001/modern-elegance-pool-villa/?curr=THB&locale=th_th 页面失效
2026-02-26 01:36:58.516 | ERROR    | __main__:<module>:83 - https://th.trip.com/hotels/betong-hotel-detail-132128016/located-in-betong.-private-house-free-private-parking-and-free-wifi./?curr=THB&locale=th_th 页面失效
2026-02-26 01:37:00.555 | ERROR    | __main__:<module>:83 - https://th.trip.com/hotels/amphawa-hotel-detail-706617/aioun-at-amphawa/?curr=THB&locale=th_th 页面失效
2026-02-26 01:37:02.322 | ERROR    | __main__:<module>:83 - https://th.trip.com/hotels/koh-larn-hotel-detail-114911042/%E0%B8%9A%E0%B9%89%E0%B8%B2%E0%B8%99%E0%B8%9F%E0%B9%89%E0%B8%B2%E0%B9%83%E0%B8%AA-%E0%B8%A3%E0%B8%B5%E0%B8%AA%E0%B8%AD%E0%B8%A3%E0%B9%8C%E0%B8%97-%E0%B9%80%E0%B8%81%E0%B8%B2%E0%B8%B0%E0%B8%A5%E0%B9%89%E0%B8%B2%E0%B8%99/?curr=THB&locale=th_th 页面失效
2026-02-26 01:37:04.661 | ERROR    | __main__:<module>:83 - https://th.trip.com/hotels/pattaya-hotel-detail-111961852/grand-avenue-residence-condominium/?curr=THB&locale=th_th 页面失效
2026-02-26 01:37:04.893 | ERROR    | __main__:<module>:83 - https://th.trip.com/hotels/surin-hotel-detail-124008581/orchid-surin/?curr=THB&locale=th_th 页面失效
2026-02-26 01:37:05.124 | ERROR    | __main__:<module>:83 - https://th.trip.com/hotels/phuket-hotel-detail-95680250/ocean-view-villa-on-surin-beach/?curr=THB&locale=th_th 页面失效
2026-02-26 01:37:07.250 | ERROR    | __main__:<module>:83 - https://th.trip.com/hotels/chanthaburi-hotel-detail-21854568/baan-plubpla-resort/?curr=THB&locale=th_th 页面失效
2026-02-26 01:37:10.095 | ERROR    | __main__:<module>:83 - https://th.trip.com/hotels/bang-kruai-hotel-detail-99282355/charinsup-pinklao-hotel/?curr=THB&locale=th_th 页面失效
2026-02-26 01:37:11.635 | ERROR    | __main__:<module>:83 - https://th.trip.com/hotels/bangkok-hotel-detail-132406125/inndesea/?curr=THB&locale=th_th 页面失效
2026-02-26 01:37:12.009 | ERROR    | __main__:<module>:83 - https://th.trip.com/hotels/bangkok-hotel-detail-50122668/sudyod-hotel/?curr=THB&locale=th_th 页面失效
2026-02-26 01:37:13.007 | ERROR    | __main__:<module>:83 - https://th.trip.com/hotels/phanom-hotel-detail-102972256/khao-sok-river-%26-jungle-bungalow/?curr=THB&locale=th_th 页面失效
2026-02-26 01:37:13.492 | ERROR    | __main__:<module>:83 - https://th.trip.com/hotels/kamphaeng-phet-hotel-detail-57334931/grand-the-room-hotel/?curr=THB&locale=th_th 页面失效
2026-02-26 01:37:16.326 | ERROR    | __main__:<module>:70 - https://th.trip.com/hotels/koh-samet-hotel-detail-710687/bar-and-bed-resort/?curr=THB&locale=th_th 页面失效
2026-02-26 01:37:17.932 | ERROR    | __main__:<module>:83 - https://th.trip.com/hotels/tak-hotel-detail-81263566/suansin-garden-resort-hotel/?curr=THB&locale=th_th 页面失效
2026-02-26 01:37:21.651 | ERROR    | __main__:<module>:83 - https://th.trip.com/hotels/bang-saphan-hotel-detail-114557617/click-resort/?curr=THB&locale=th_th 页面失效
2026-02-26 01:37:22.043 | ERROR    | __main__:<module>:83 - https://th.trip.com/hotels/wiang-chai-hotel-detail-120231455/the-white-house-p%26n-hotel-chiang-rai/?curr=THB&locale=th_th 页面失效
2026-02-26 01:37:24.895 | ERROR    | __main__:<module>:83 - https://th.trip.com/hotels/hat-yai-hotel-detail-21866339/u2-inn/?curr=THB&locale=th_th 页面失效
2026-02-26 01:37:27.010 | ERROR    | __main__:<module>:83 - https://th.trip.com/hotels/nikhom-phatthana-hotel-detail-129473784/songmee-pool-villa-nikompattana/?curr=THB&locale=th_th 页面失效
2026-02-26 01:37:32.195 | ERROR    | __main__:<module>:83 - https://id.trip.com/hotels/kelapa-dua-hotel-detail-132343926/smart-inn-at-majestic-point-serpong/?curr=IDR&locale=id_id 页面失效
2026-02-26 01:37:36.979 | ERROR    | __main__:<module>:83 - https://id.trip.com/hotels/somba-opu-hotel-detail-132343945/the-arkhadewi-guest-house-makassar/?curr=IDR&locale=id_id 页面失效
2026-02-26 01:37:38.652 | ERROR    | __main__:<module>:83 - https://id.trip.com/hotels/ujung-pandang-hotel-detail-132342873/delft-apartement-cpi-makassar-sulawesi-selatan/?curr=IDR&locale=id_id 页面失效
2026-02-26 01:37:50.493 | ERROR    | __main__:<module>:83 - https://id.trip.com/hotels/bali-hotel-detail-47593491/astera-resort-canggu-by-ini-vie-hospitality/?curr=IDR&locale=id_id 页面失效
2026-02-26 01:37:59.750 | ERROR    | __main__:<module>:83 - https://id.trip.com/hotels/beji-hotel-detail-83922914/luxury-margonda-residence-3-depok/?curr=IDR&locale=id_id 页面失效
2026-02-26 01:38:04.884 | ERROR    | __main__:<module>:83 - https://id.trip.com/hotels/ciputat-hotel-detail-100155279/redliving-apartemen-green-lake-view-ciputat-juragan-rooms-tower-b-with-fast-wifi/?curr=IDR&locale=id_id 页面失效
2026-02-26 01:38:10.446 | ERROR    | __main__:<module>:83 - https://id.trip.com/hotels/cipanas-hotel-detail-132347319/villa-cipanas-indah/?curr=IDR&locale=id_id 页面失效
2026-02-26 01:38:12.754 | ERROR    | __main__:<module>:83 - https://id.trip.com/hotels/cianjur-hotel-detail-133191961/kaoem-guesthouse/?curr=IDR&locale=id_id 页面失效
2026-02-26 01:38:16.731 | ERROR    | __main__:<module>:83 - https://id.trip.com/hotels/larangan-hotel-detail-15181132/horison-ciledug/?curr=IDR&locale=id_id 页面失效
2026-02-26 01:38:22.437 | ERROR    | __main__:<module>:83 - https://id.trip.com/hotels/bali-hotel-detail-123815775/jun-cottage-nusa-penida/?curr=IDR&locale=id_id 页面失效
2026-02-26 01:38:30.455 | ERROR    | __main__:<module>:83 - https://id.trip.com/hotels/west-jakarta-hotel-detail-114329959/apartemen-west-vista-by-nusalink/?curr=IDR&locale=id_id 页面失效
2026-02-26 01:38:31.483 | ERROR    | __main__:<module>:83 - https://id.trip.com/hotels/teluknaga-hotel-detail-132692141/seagull-light-luxury-apartment-at-tokyo-riverside/?curr=IDR&locale=id_id 页面失效
2026-02-26 01:38:32.800 | ERROR    | __main__:<module>:83 - https://id.trip.com/hotels/serpong-hotel-detail-78091266/sultan-premiere-hi/?curr=IDR&locale=id_id 页面失效
2026-02-26 01:38:39.899 | ERROR    | __main__:<module>:83 - https://id.trip.com/hotels/east-bekasi-hotel-detail-122003767/icha-rooms-official-at-transpark-juanda/?curr=IDR&locale=id_id 页面失效
2026-02-26 01:38:40.012 | ERROR    | __main__:<module>:83 - https://id.trip.com/hotels/south-bekasi-hotel-detail-88987129/apartemen-grand-kamala-lagoon-bekasi-by-aparian/?curr=IDR&locale=id_id 页面失效
2026-02-26 01:38:40.132 | ERROR    | __main__:<module>:83 - https://id.trip.com/hotels/north-bekasi-hotel-detail-67459383/apartemen-springlake-summarecon-bekasi-by-aparian/?curr=IDR&locale=id_id 页面失效
2026-02-26 01:38:41.178 | ERROR    | __main__:<module>:83 - https://id.trip.com/hotels/north-bekasi-hotel-detail-125767615/amerta-room-metropolitan-park-powered-by-cocotel/?curr=IDR&locale=id_id 页面失效
2026-02-26 01:38:44.063 | ERROR    | __main__:<module>:83 - https://id.trip.com/hotels/east-jakarta-hotel-detail-105560300/1o1-urban-jakarta-pemuda/?curr=IDR&locale=id_id 页面失效
2026-02-26 01:38:55.433 | ERROR    | __main__:<module>:83 - https://id.trip.com/hotels/mulyorejo-hotel-detail-128150745/rumah-kertajaya-standart-single/?curr=IDR&locale=id_id 页面失效
2026-02-26 01:39:04.105 | ERROR    | __main__:<module>:83 - https://id.trip.com/hotels/melayu-hotel-detail-126579649/hayak-tamara-syariah-hotel/?curr=IDR&locale=id_id 页面失效
2026-02-26 01:39:07.301 | ERROR    | __main__:<module>:83 - https://id.trip.com/hotels/cigombong-hotel-detail-114851661/villa-pondok-alam-alviandra/?curr=IDR&locale=id_id 页面失效
2026-02-26 01:39:07.411 | ERROR    | __main__:<module>:83 - https://id.trip.com/hotels/megamendung-hotel-detail-132960785/the-tavia-riverside/?curr=IDR&locale=id_id 页面失效
2026-02-26 01:39:25.404 | ERROR    | __main__:<module>:83 - https://id.trip.com/hotels/gunung-kembang-hotel-detail-94680492/golden-hotel-sarolangun/?curr=IDR&locale=id_id 页面失效
2026-02-26 01:39:27.012 | ERROR    | __main__:<module>:83 - https://id.trip.com/hotels/kalianda-hotel-detail-120231785/starlight-cabin-kalianda-at-mbeach/?curr=IDR&locale=id_id 页面失效
2026-02-26 01:39:31.914 | ERROR    | __main__:<module>:83 - https://id.trip.com/hotels/astanaanyar-hotel-detail-5474163/dbest-hotel-otista/?curr=IDR&locale=id_id 页面失效
2026-02-26 01:39:36.035 | ERROR    | __main__:<module>:83 - https://id.trip.com/hotels/gamping-hotel-detail-3066997/hotel-star-88/?curr=IDR&locale=id_id 页面失效
2026-02-26 01:39:47.659 | ERROR    | __main__:<module>:83 - https://id.trip.com/hotels/lengkong-hotel-detail-48089103/apartemen-grand-asia-afrika-by-barqs/?curr=IDR&locale=id_id 页面失效
2026-02-26 01:39:48.120 | ERROR    | __main__:<module>:83 - https://id.trip.com/hotels/sedati-hotel-detail-22234177/caisar-homestay/?curr=IDR&locale=id_id 页面失效
2026-02-26 01:39:52.538 | ERROR    | __main__:<module>:83 - https://id.trip.com/hotels/west-payakumbuh-hotel-detail-114852055/hanagura-homestay-full-house-4-kamar-tidur/?curr=IDR&locale=id_id 页面失效
2026-02-26 01:39:55.274 | ERROR    | __main__:<module>:83 - https://id.trip.com/hotels/sukolilo-hotel-detail-77173881/new-apartement-bale-hinggil-by-prafi/?curr=IDR&locale=id_id 页面失效
2026-02-26 01:39:56.600 | ERROR    | __main__:<module>:83 - https://id.trip.com/hotels/serang-hotel-detail-50195535/d%60gria-hotel-syariah-serang/?curr=IDR&locale=id_id 页面失效
2026-02-26 01:39:58.807 | ERROR    | __main__:<module>:83 - https://id.trip.com/hotels/nagoya-hotel-detail-125275302/nagoya-thamrin-city-tower-a/?curr=IDR&locale=id_id 页面失效
2026-02-26 01:40:09.693 | ERROR    | __main__:<module>:83 - https://id.trip.com/hotels/cimenyan-hotel-detail-125114207/asa%27an-homestay/?curr=IDR&locale=id_id 页面失效
2026-02-26 01:40:15.570 | ERROR    | __main__:<module>:83 - https://id.trip.com/hotels/ngaglik-hotel-detail-126633568/atharis-homestay/?curr=IDR&locale=id_id 页面失效
2026-02-26 01:40:17.229 | ERROR    | __main__:<module>:83 - https://id.trip.com/hotels/kalipuro-hotel-detail-53221420/kami-hostel/?curr=IDR&locale=id_id 页面失效
2026-02-26 01:40:20.972 | ERROR    | __main__:<module>:83 - https://id.trip.com/hotels/south-jakarta-hotel-detail-125154965/setiabudi-skygarden-apartments-city-center/?curr=IDR&locale=id_id 页面失效
2026-02-26 01:40:27.122 | ERROR    | __main__:<module>:83 - https://id.trip.com/hotels/batu-ampar-hotel-detail-4329529/nite-%26-day-batam-jodoh-square/?curr=IDR&locale=id_id 页面失效
2026-02-26 01:40:27.378 | ERROR    | __main__:<module>:83 - https://id.trip.com/hotels/nongsa-hotel-detail-104541703/reotel-at-the-nove-nuvasa-bay/?curr=IDR&locale=id_id 页面失效
2026-02-26 01:40:46.496 | ERROR    | __main__:<module>:83 - https://id.trip.com/hotels/bukit-tunggal-hotel-detail-129943624/wayan-guest-house/?curr=IDR&locale=id_id 页面失效
2026-02-26 01:40:49.028 | ERROR    | __main__:<module>:83 - https://id.trip.com/hotels/sukasari-hotel-detail-72845429/pilatus-hotel-bandung/?curr=IDR&locale=id_id 页面失效
2026-02-26 01:41:01.903 | ERROR    | __main__:<module>:83 - https://id.trip.com/hotels/cisauk-hotel-detail-75391713/sultan-premiere-casa-de-parco/?curr=IDR&locale=id_id 页面失效
2026-02-26 01:41:05.160 | ERROR    | __main__:<module>:83 - https://id.trip.com/hotels/alang-alang-lebar-hotel-detail-128516811/al-barokah-embun-syariah/?curr=IDR&locale=id_id 页面失效
2026-02-26 01:41:16.521 | ERROR    | __main__:<module>:83 - https://id.trip.com/hotels/cimenyan-hotel-detail-130062585/gua-villa-bandung/?curr=IDR&locale=id_id 页面失效
2026-02-26 01:41:17.072 | ERROR    | __main__:<module>:83 - https://id.trip.com/hotels/sukaresmi-hotel-detail-123924608/villa-puncak-bogor-kota-bunga-3-kamar-ada-karoke/?curr=IDR&locale=id_id 页面失效
2026-02-26 01:41:20.498 | ERROR    | __main__:<module>:83 - https://id.trip.com/hotels/pasar-gambir-hotel-detail-35090583/wisma-barokah/?curr=IDR&locale=id_id 页面失效
2026-02-26 01:41:22.577 | ERROR    | __main__:<module>:83 - https://id.trip.com/hotels/batu-sub-district-hotel-detail-122003150/villa-lila/?curr=IDR&locale=id_id 页面失效
2026-02-26 01:41:27.555 | ERROR    | __main__:<module>:83 - https://my.trip.com/hotels/tebrau-hotel-detail-130638547/akademik-suite-austin-heights-by-bencoolen-homestay/?locale=ms_my&curr=MYR 页面失效
2026-02-26 01:41:29.307 | ERROR    | __main__:<module>:83 - https://my.trip.com/hotels/george-town-hotel-detail-127286979/urban-suites-penang/?locale=ms_my&curr=MYR 页面失效
2026-02-26 01:41:29.363 | ERROR    | __main__:<module>:83 - https://my.trip.com/hotels/southwest-penang-island-hotel-detail-10731017/capital-o-91094-hotel-%26-chalet-sportfishing/?locale=ms_my&curr=MYR 页面失效
2026-02-26 01:41:30.324 | ERROR    | __main__:<module>:83 - https://my.trip.com/hotels/george-town-hotel-detail-125225973/nordichouse%40georgetown-by-hanoverien-suites-%E2%80%A21-king-bed-%E2%80%A21-queen-bed/?locale=ms_my&curr=MYR 页面失效
2026-02-26 01:41:30.854 | ERROR    | __main__:<module>:83 - https://my.trip.com/hotels/bemban-hotel-detail-111881134/jk-roomstay/?locale=ms_my&curr=MYR 页面失效
2026-02-26 01:41:45.298 | ERROR    | __main__:<module>:83 - https://my.trip.com/hotels/plentong-hotel-detail-24386750/hope-hotel/?locale=ms_my&curr=MYR 页面失效
2026-02-26 01:41:45.677 | ERROR    | __main__:<module>:83 - https://my.trip.com/hotels/melaka-hotel-detail-1315080/hotel-bendahara-%40-melaka-city/?locale=ms_my&curr=MYR 页面失效
2026-02-26 01:41:49.131 | ERROR    | __main__:<module>:83 - https://my.trip.com/hotels/kota-kinabalu-hotel-detail-122760516/ocean-bliss%3A-loft-c-imago-kota-kinabalu/?locale=ms_my&curr=MYR 页面失效
2026-02-26 01:41:51.818 | ERROR    | __main__:<module>:83 - https://my.trip.com/hotels/ipoh-hotel-detail-123453143/ipoh-waterpark-manhattan-premium-suites-by-iwh/?locale=ms_my&curr=MYR 页面失效
2026-02-26 01:41:54.658 | ERROR    | __main__:<module>:83 - https://my.trip.com/hotels/petaling-hotel-detail-117930470/highpark-suites-kelana-jaya-petaling-jaya-by-sleepy-bear/?locale=ms_my&curr=MYR 页面失效
2026-02-26 01:41:55.123 | ERROR    | __main__:<module>:83 - https://my.trip.com/hotels/petaling-jaya-hotel-detail-49523664/highpark-suites-in-petaling-jaya-kelana-jaya-by-plush/?locale=ms_my&curr=MYR 页面失效
2026-02-26 01:41:55.809 | ERROR    | __main__:<module>:83 - https://my.trip.com/hotels/tanjung-bungah-hotel-detail-123862373/m-social-resort-penang/?locale=ms_my&curr=MYR 页面失效
2026-02-26 01:42:06.866 | ERROR    | __main__:<module>:83 - https://my.trip.com/hotels/kuala-terengganu-hotel-detail-129002547/bonda-homestay/?locale=ms_my&curr=MYR 页面失效
2026-02-26 01:42:08.504 | ERROR    | __main__:<module>:83 - https://my.trip.com/hotels/lumut-hotel-detail-11872221/homestay-lumut-perak/?locale=ms_my&curr=MYR 页面失效
2026-02-26 01:42:10.936 | ERROR    | __main__:<module>:83 - https://my.trip.com/hotels/balakong-hotel-detail-106432837/swing-%26-pillows-%40-seri-kembangan-selangor/?locale=ms_my&curr=MYR 页面失效
2026-02-26 01:42:13.681 | ERROR    | __main__:<module>:83 - https://my.trip.com/hotels/tasik-hotel-detail-114758571/naja-hotel/?locale=ms_my&curr=MYR 页面失效
2026-02-26 01:42:15.000 | ERROR    | __main__:<module>:83 - https://my.trip.com/hotels/iskandar-puteri-hotel-detail-10542036/holi-afiniti-themed-suites/?locale=ms_my&curr=MYR 页面失效
2026-02-26 01:42:16.658 | ERROR    | __main__:<module>:83 - https://my.trip.com/hotels/iskandar-puteri-hotel-detail-126237423/sunway-citrine-citrine-hub-2-secured-carpark-lots-3br3b-6pax-by-cowidea/?locale=ms_my&curr=MYR 页面失效
2026-02-26 01:42:18.550 | ERROR    | __main__:<module>:83 - https://my.trip.com/hotels/ampang-hotel-detail-120262161/naibnb-%40-nadayu-63/?locale=ms_my&curr=MYR 页面失效
2026-02-26 01:42:18.551 | ERROR    | __main__:<module>:83 - https://my.trip.com/hotels/shah-alam-hotel-detail-132483586/studio-by-utopia-guest-house/?locale=ms_my&curr=MYR 页面失效
2026-02-26 01:42:19.079 | ERROR    | __main__:<module>:83 - https://my.trip.com/hotels/kuala-lumpur-hotel-detail-132578504/m-city-rental-unit-most-comfortable-house./?locale=ms_my&curr=MYR 页面失效
2026-02-26 01:42:19.597 | ERROR    | __main__:<module>:83 - https://my.trip.com/hotels/kuala-lumpur-hotel-detail-130268308/altris-residence-by-feel-home/?locale=ms_my&curr=MYR 页面失效
2026-02-26 01:42:23.920 | ERROR    | __main__:<module>:83 - https://my.trip.com/hotels/melaka-hotel-detail-113751761/happy-home-%40-atlantis-residences-%5Bpool-view%5D/?locale=ms_my&curr=MYR 页面失效
2026-02-26 01:42:26.099 | ERROR    | __main__:<module>:83 - https://my.trip.com/hotels/tangkak-hotel-detail-132572036/nice-semi-d-house-at-tangkak/?locale=ms_my&curr=MYR 页面失效
2026-02-26 01:42:26.368 | ERROR    | __main__:<module>:83 - https://my.trip.com/hotels/port-klang-hotel-detail-114453396/naibnb-%40-impiria-residensi/?locale=ms_my&curr=MYR 页面失效
2026-02-26 01:42:28.583 | ERROR    | __main__:<module>:83 - https://my.trip.com/hotels/semporna-hotel-detail-123265316/yuhua-resort-homestay/?locale=ms_my&curr=MYR 页面失效
2026-02-26 01:42:32.995 | ERROR    | __main__:<module>:83 - https://my.trip.com/hotels/genting-highlands-hotel-detail-130931014/windmill-upon-hills-genting-highlands-2-free-car-park/?locale=ms_my&curr=MYR 页面失效
2026-02-26 01:42:33.041 | ERROR    | __main__:<module>:83 - https://my.trip.com/hotels/genting-highlands-hotel-detail-131310261/haywood-hilltop-wellness-living-genting-highlands-by-1001-nights-hotel/?locale=ms_my&curr=MYR 页面失效
2026-02-26 01:42:41.487 | ERROR    | __main__:<module>:83 - https://my.trip.com/hotels/johor-bahru-hotel-detail-130637497/r%26f-johor-by-bencoolen-homestay/?locale=ms_my&curr=MYR 页面失效
2026-02-26 01:42:41.766 | ERROR    | __main__:<module>:83 - https://my.trip.com/hotels/tebrau-hotel-detail-130637934/palazio-mount-austin-by-bencoolen-homestay/?locale=ms_my&curr=MYR 页面失效
2026-02-26 01:42:41.918 | ERROR    | __main__:<module>:83 - https://my.trip.com/hotels/plentong-hotel-detail-130638437/southkey-mosaic-by-bencoolen-homestay/?locale=ms_my&curr=MYR 页面失效
2026-02-26 01:42:41.949 | ERROR    | __main__:<module>:83 - https://my.trip.com/hotels/tebrau-hotel-detail-130637893/midori-green-austin-height-by-bencoolen-homestay/?locale=ms_my&curr=MYR 页面失效
2026-02-26 01:42:47.612 | ERROR    | __main__:<module>:83 - https://my.trip.com/hotels/subang-jaya-hotel-detail-699922/summit-hotel-subang-usj/?locale=ms_my&curr=MYR 页面失效
2026-02-26 01:42:48.300 | ERROR    | __main__:<module>:83 - https://my.trip.com/hotels/kota-bharu-hotel-detail-699303/royal-guest-house-rgh/?locale=ms_my&curr=MYR 页面失效
2026-02-26 01:42:51.770 | ERROR    | __main__:<module>:83 - https://my.trip.com/hotels/tebrau-hotel-detail-4397214/ferda-hotel-impian-emas/?locale=ms_my&curr=MYR 页面失效
2026-02-26 01:42:52.289 | ERROR    | __main__:<module>:83 - https://my.trip.com/hotels/miri-hotel-detail-101910745/welcome-inn-by-evernent-%40-pelita-commercial-miri/?locale=ms_my&curr=MYR 页面失效
2026-02-26 01:42:52.490 | ERROR    | __main__:<module>:83 - https://my.trip.com/hotels/miri-hotel-detail-3728702/101-hotel/?locale=ms_my&curr=MYR 页面失效
2026-02-26 01:42:52.863 | ERROR    | __main__:<module>:83 - https://my.trip.com/hotels/nilai-hotel-detail-131948889/youth-city-residence%2F-2-room%2F-klia%2F-nilai%2F-pool/?locale=ms_my&curr=MYR 页面失效
2026-02-26 01:42:52.909 | ERROR    | __main__:<module>:83 - https://my.trip.com/hotels/nilai-hotel-detail-132582686/youth-city-residence%2F-3-room%2F-klia%2F-nilai%2F-pool/?locale=ms_my&curr=MYR 页面失效
2026-02-26 01:42:53.888 | ERROR    | __main__:<module>:83 - https://my.trip.com/hotels/bandar-baru-bangi-hotel-detail-25730477/damai-tioman-resort/?locale=ms_my&curr=MYR 页面失效
2026-02-26 01:42:54.131 | ERROR    | __main__:<module>:83 - https://my.trip.com/hotels/bentong-hotel-detail-15787659/hotel-kristal/?locale=ms_my&curr=MYR 页面失效
2026-02-26 01:42:54.435 | ERROR    | __main__:<module>:83 - https://my.trip.com/hotels/melaka-hotel-detail-128055343/swing-%26-pillows-%40-malacca-river-walk/?locale=ms_my&curr=MYR 页面失效
2026-02-26 01:42:55.253 | ERROR    | __main__:<module>:83 - https://my.trip.com/hotels/kuala-kuantan-hotel-detail-123919292/royal-hotel-by-mr-vj-business/?locale=ms_my&curr=MYR 页面失效
2026-02-26 01:43:09.693 | ERROR    | __main__:<module>:83 - https://my.trip.com/hotels/johor-bahru-hotel-detail-122210531/3bed-2bath-skyloft-premium-johor/?locale=ms_my&curr=MYR 页面失效
2026-02-26 01:43:13.674 | ERROR    | __main__:<module>:83 - https://my.trip.com/hotels/donggongon-hotel-detail-132489221/kavenue-lucky-stay-suite/?locale=ms_my&curr=MYR 页面失效
2026-02-26 01:43:14.754 | ERROR    | __main__:<module>:83 - https://my.trip.com/hotels/sepang-hotel-detail-129790578/layover-living-at-klia-south/?locale=ms_my&curr=MYR 页面失效
2026-02-26 01:43:15.010 | ERROR    | __main__:<module>:83 - https://my.trip.com/hotels/cyberjaya-hotel-detail-57103497/cyberjaya-%7C-tamarind-loft-with-sky-pool-%26-mall/?locale=ms_my&curr=MYR 页面失效
2026-02-26 01:43:16.372 | ERROR    | __main__:<module>:83 - https://my.trip.com/hotels/limbongan-hotel-detail-114112418/alia-express-villa-temila/?locale=ms_my&curr=MYR 页面失效
2026-02-26 01:43:16.794 | ERROR    | __main__:<module>:83 - https://my.trip.com/hotels/pangkor-hotel-detail-3671440/pangkor-waterfall-beach-resort/?locale=ms_my&curr=MYR 页面失效
2026-02-26 01:43:17.788 | ERROR    | __main__:<module>:83 - https://my.trip.com/hotels/jebong-hotel-detail-129942376/razo-village-inn/?locale=ms_my&curr=MYR 页面失效
2026-02-26 01:43:18.294 | ERROR    | __main__:<module>:83 - https://my.trip.com/hotels/cheras-hotel-detail-108647489/south-city-hotel-%23-bandar-mahkota-cheras/?locale=ms_my&curr=MYR 页面失效
2026-02-26 01:43:20.023 | ERROR    | __main__:<module>:83 - https://my.trip.com/hotels/kampung-raja-hotel-detail-128954436/homestay-bonda/?locale=ms_my&curr=MYR 页面失效
2026-02-26 01:43:21.884 | ERROR    | __main__:<module>:83 - https://my.trip.com/hotels/tebrau-hotel-detail-124199104/modern-%26-cozy-3br-apt-arc-at-austin-free-parking/?locale=ms_my&curr=MYR 页面失效
2026-02-26 01:43:21.975 | ERROR    | __main__:<module>:83 - https://my.trip.com/hotels/tebrau-hotel-detail-124449655/desa-tebrau-poolside-paradise-4br4b-12pax-by-cowidea/?locale=ms_my&curr=MYR 页面失效
2026-02-26 01:43:22.614 | ERROR    | __main__:<module>:83 - https://my.trip.com/hotels/sandakan-hotel-detail-132553909/comfortable-3-bedroom-condo-with-wifi-ac-in-wonderful-sandakan-nature-city/?locale=ms_my&curr=MYR 页面失效
2026-02-26 01:43:26.048 | ERROR    | __main__:<module>:83 - https://my.trip.com/hotels/cyberjaya-hotel-detail-123967163/mufasa-suites-at-tamarind-suites-with-wifi-netflix-coway-level-8/?locale=ms_my&curr=MYR 页面失效
2026-02-26 01:43:27.168 | ERROR    | __main__:<module>:83 - https://my.trip.com/hotels/rasah-hotel-detail-133070110/aj%27s-test-hotel-13/?locale=ms_my&curr=MYR 页面失效
2026-02-26 01:43:29.307 | ERROR    | __main__:<module>:83 - https://my.trip.com/hotels/hilir-perak-hotel-detail-132791786/vvip-hotel-hutan-melintan/?locale=ms_my&curr=MYR 页面失效
2026-02-26 01:43:29.371 | ERROR    | __main__:<module>:83 - https://my.trip.com/hotels/kulai-hotel-detail-121060697/u-capsule-hotel-kulai/?locale=ms_my&curr=MYR 页面失效
2026-02-26 01:43:30.909 | ERROR    | __main__:<module>:83 - https://my.trip.com/hotels/keningau-hotel-detail-107949661/perkasa-hotel-keningau/?locale=ms_my&curr=MYR 页面失效
2026-02-26 01:43:31.540 | ERROR    | __main__:<module>:83 - https://my.trip.com/hotels/belanja-hotel-detail-125275350/zai-ham-homestay/?locale=ms_my&curr=MYR 页面失效
2026-02-26 01:43:31.757 | ERROR    | __main__:<module>:83 - https://my.trip.com/hotels/lahat-hotel-detail-132342978/zai-ham-homestay/?locale=ms_my&curr=MYR 页面失效
2026-02-26 01:43:32.440 | ERROR    | __main__:<module>:83 - https://my.trip.com/hotels/george-town-hotel-detail-132911843/aayu-villas-george-town-penang/?locale=ms_my&curr=MYR 页面失效
2026-02-26 01:43:32.887 | ERROR    | __main__:<module>:83 - https://my.trip.com/hotels/petaling-jaya-hotel-detail-24769828/de-elements-business-hotel-damansara/?locale=ms_my&curr=MYR 页面失效
2026-02-26 01:43:36.315 | ERROR    | __main__:<module>:83 - https://my.trip.com/hotels/kuala-lumpur-hotel-detail-130301518/kenwingston-platz-by-feel-home/?locale=ms_my&curr=MYR 页面失效
2026-02-26 01:43:38.139 | ERROR    | __main__:<module>:83 - https://my.trip.com/hotels/shah-alam-hotel-detail-125277061/rdarsdcesty-stay-bukit-jelutong/?locale=ms_my&curr=MYR 页面失效
2026-02-26 01:45:29.544 | ERROR    | __main__:<module>:209 - 135463-135214 完成
